<?xml version="1.0" encoding="UTF-8"?>
<testng-results skipped="0" failed="0" total="3" passed="3">
  <reporter-output>
  </reporter-output>
  <suite name="Vtiger CRM" duration-ms="62" started-at="2015-04-23T09:54:36Z" finished-at="2015-04-23T09:54:36Z">
    <groups>
    </groups>
    <test name="Login test" duration-ms="2" started-at="2015-04-23T09:54:36Z" finished-at="2015-04-23T09:54:36Z">
      <class name="Pkg.NewTest">
        <test-method status="PASS" signature="beforetest()[pri:0, instance:Pkg.NewTest@61443d8f]" name="beforetest" is-config="true" duration-ms="0" started-at="2015-04-23T15:24:36Z" finished-at="2015-04-23T15:24:36Z">
          <reporter-output>
          </reporter-output>
        </test-method> <!-- beforetest -->
        <test-method status="PASS" signature="Login()[pri:0, instance:Pkg.NewTest@61443d8f]" name="Login" duration-ms="0" started-at="2015-04-23T15:24:36Z" finished-at="2015-04-23T15:24:36Z">
          <reporter-output>
          </reporter-output>
        </test-method> <!-- Login -->
        <test-method status="PASS" signature="beforeclass()[pri:0, instance:Pkg.NewTest@61443d8f]" name="beforeclass" is-config="true" duration-ms="0" started-at="2015-04-23T15:24:36Z" finished-at="2015-04-23T15:24:36Z">
          <reporter-output>
          </reporter-output>
        </test-method> <!-- beforeclass -->
        <test-method status="PASS" signature="AfterMethod()[pri:0, instance:Pkg.NewTest@61443d8f]" name="AfterMethod" is-config="true" duration-ms="0" started-at="2015-04-23T15:24:36Z" finished-at="2015-04-23T15:24:36Z">
          <reporter-output>
          </reporter-output>
        </test-method> <!-- AfterMethod -->
        <test-method status="PASS" signature="AfterMethod()[pri:0, instance:Pkg.NewTest@61443d8f]" name="AfterMethod" is-config="true" duration-ms="0" started-at="2015-04-23T15:24:36Z" finished-at="2015-04-23T15:24:36Z">
          <reporter-output>
          </reporter-output>
        </test-method> <!-- AfterMethod -->
        <test-method status="PASS" signature="Beforemethod()[pri:0, instance:Pkg.NewTest@61443d8f]" name="Beforemethod" is-config="true" duration-ms="0" started-at="2015-04-23T15:24:36Z" finished-at="2015-04-23T15:24:36Z">
          <reporter-output>
          </reporter-output>
        </test-method> <!-- Beforemethod -->
        <test-method status="PASS" signature="CreateLead()[pri:0, instance:Pkg.NewTest@61443d8f]" name="CreateLead" duration-ms="0" started-at="2015-04-23T15:24:36Z" finished-at="2015-04-23T15:24:36Z">
          <reporter-output>
          </reporter-output>
        </test-method> <!-- CreateLead -->
        <test-method status="PASS" signature="Beforemethod()[pri:0, instance:Pkg.NewTest@61443d8f]" name="Beforemethod" is-config="true" duration-ms="0" started-at="2015-04-23T15:24:36Z" finished-at="2015-04-23T15:24:36Z">
          <reporter-output>
          </reporter-output>
        </test-method> <!-- Beforemethod -->
        <test-method status="PASS" signature="afterclass()[pri:0, instance:Pkg.NewTest@61443d8f]" name="afterclass" is-config="true" duration-ms="0" started-at="2015-04-23T15:24:36Z" finished-at="2015-04-23T15:24:36Z">
          <reporter-output>
          </reporter-output>
        </test-method> <!-- afterclass -->
        <test-method status="PASS" signature="aftertest()[pri:0, instance:Pkg.NewTest@61443d8f]" name="aftertest" is-config="true" duration-ms="0" started-at="2015-04-23T15:24:36Z" finished-at="2015-04-23T15:24:36Z">
          <reporter-output>
          </reporter-output>
        </test-method> <!-- aftertest -->
      </class> <!-- Pkg.NewTest -->
    </test> <!-- Login test -->
    <test name="test3 test" duration-ms="0" started-at="2015-04-23T09:54:36Z" finished-at="2015-04-23T09:54:36Z">
      <class name="Pkg.class2">
        <test-method status="PASS" signature="test3()[pri:0, instance:Pkg.class2@16c0663d]" name="test3" duration-ms="0" started-at="2015-04-23T15:24:36Z" finished-at="2015-04-23T15:24:36Z">
          <reporter-output>
          </reporter-output>
        </test-method> <!-- test3 -->
      </class> <!-- Pkg.class2 -->
      <class name="Pkg.NewTest">
        <test-method status="PASS" signature="beforesuite()[pri:0, instance:Pkg.NewTest@61443d8f]" name="beforesuite" is-config="true" duration-ms="58" started-at="2015-04-23T15:24:36Z" finished-at="2015-04-23T15:24:36Z">
          <reporter-output>
          </reporter-output>
        </test-method> <!-- beforesuite -->
        <test-method status="PASS" signature="aftersuite()[pri:0, instance:Pkg.NewTest@61443d8f]" name="aftersuite" is-config="true" duration-ms="0" started-at="2015-04-23T15:24:36Z" finished-at="2015-04-23T15:24:36Z">
          <reporter-output>
          </reporter-output>
        </test-method> <!-- aftersuite -->
      </class> <!-- Pkg.NewTest -->
    </test> <!-- test3 test -->
  </suite> <!-- Vtiger CRM -->
</testng-results>
